<?xml version="1.0" encoding="UTF-8"?>
<testng-results skipped="1" failed="0" ignored="0" total="3" passed="2">
  <reporter-output>
  </reporter-output>
  <suite name="Default suite" duration-ms="59721" started-at="2017-12-04T11:56:14Z" finished-at="2017-12-04T11:57:14Z">
    <groups>
    </groups>
    <test name="Default test" duration-ms="59721" started-at="2017-12-04T11:56:14Z" finished-at="2017-12-04T11:57:14Z">
      <class name="testcases.TestSwitchTab">
        <test-method status="PASS" signature="setup()[pri:0, instance:testcases.TestSwitchTab@604ed9f0]" name="setup" is-config="true" duration-ms="453" started-at="2017-12-04T12:56:14Z" finished-at="2017-12-04T12:56:14Z">
          <reporter-output>
          </reporter-output>
        </test-method> <!-- setup -->
        <test-method status="PASS" signature="initBrowser()[pri:0, instance:testcases.TestSwitchTab@604ed9f0]" name="initBrowser" is-config="true" duration-ms="13562" started-at="2017-12-04T12:56:14Z" finished-at="2017-12-04T12:56:28Z">
          <reporter-output>
          </reporter-output>
        </test-method> <!-- initBrowser -->
        <test-method status="PASS" signature="init()[pri:0, instance:testcases.TestSwitchTab@604ed9f0]" name="init" is-config="true" duration-ms="4546" started-at="2017-12-04T12:56:28Z" finished-at="2017-12-04T12:56:32Z">
          <reporter-output>
          </reporter-output>
        </test-method> <!-- init -->
        <test-method status="SKIP" signature="searchUser()[pri:0, instance:testcases.TestSwitchTab@604ed9f0]" name="searchUser" duration-ms="16311" started-at="2017-12-04T12:56:32Z" finished-at="2017-12-04T12:56:49Z">
          <exception class="org.openqa.selenium.NoSuchElementException">
            <message>
              <![CDATA[Unable to locate element: {"method":"xpath","selector":".//*[@id='searchSystemUser_userName']"}
Command duration or timeout: 15.37 seconds
For documentation on this error, please visit: http://seleniumhq.org/exceptions/no_such_element.html
Build info: version: '2.53.1', revision: 'a36b8b1cd5757287168e54b817830adce9b0158d', time: '2016-06-30 19:26:09'
System info: host: 'W10x64-50GB', ip: '10.208.42.17', os.name: 'Windows 10', os.arch: 'amd64', os.version: '10.0', java.version: '1.8.0_151'
Driver info: org.openqa.selenium.firefox.FirefoxDriver
Capabilities [{applicationCacheEnabled=true, rotatable=false, handlesAlerts=true, databaseEnabled=true, version=47.0.2, platform=WINDOWS, nativeEvents=false, acceptSslCerts=true, webStorageEnabled=true, locationContextEnabled=true, browserName=firefox, takesScreenshot=true, javascriptEnabled=true, cssSelectorsEnabled=true}]
Session ID: 7a5b9316-af7c-40ef-b18e-c993cda3b967
*** Element info: {Using=xpath, value=.//*[@id='searchSystemUser_userName']}]]>
            </message>
            <full-stacktrace>
              <![CDATA[org.openqa.selenium.NoSuchElementException: Unable to locate element: {"method":"xpath","selector":".//*[@id='searchSystemUser_userName']"}
Command duration or timeout: 15.37 seconds
For documentation on this error, please visit: http://seleniumhq.org/exceptions/no_such_element.html
Build info: version: '2.53.1', revision: 'a36b8b1cd5757287168e54b817830adce9b0158d', time: '2016-06-30 19:26:09'
System info: host: 'W10x64-50GB', ip: '10.208.42.17', os.name: 'Windows 10', os.arch: 'amd64', os.version: '10.0', java.version: '1.8.0_151'
Driver info: org.openqa.selenium.firefox.FirefoxDriver
Capabilities [{applicationCacheEnabled=true, rotatable=false, handlesAlerts=true, databaseEnabled=true, version=47.0.2, platform=WINDOWS, nativeEvents=false, acceptSslCerts=true, webStorageEnabled=true, locationContextEnabled=true, browserName=firefox, takesScreenshot=true, javascriptEnabled=true, cssSelectorsEnabled=true}]
Session ID: 7a5b9316-af7c-40ef-b18e-c993cda3b967
*** Element info: {Using=xpath, value=.//*[@id='searchSystemUser_userName']}
	at sun.reflect.NativeConstructorAccessorImpl.newInstance0(Native Method)
	at sun.reflect.NativeConstructorAccessorImpl.newInstance(NativeConstructorAccessorImpl.java:62)
	at sun.reflect.DelegatingConstructorAccessorImpl.newInstance(DelegatingConstructorAccessorImpl.java:45)
	at java.lang.reflect.Constructor.newInstance(Constructor.java:423)
	at org.openqa.selenium.remote.ErrorHandler.createThrowable(ErrorHandler.java:206)
	at org.openqa.selenium.remote.ErrorHandler.throwIfResponseFailed(ErrorHandler.java:158)
	at org.openqa.selenium.remote.RemoteWebDriver.execute(RemoteWebDriver.java:678)
	at org.openqa.selenium.remote.RemoteWebDriver.findElement(RemoteWebDriver.java:363)
	at org.openqa.selenium.remote.RemoteWebDriver.findElementByXPath(RemoteWebDriver.java:500)
	at org.openqa.selenium.By$ByXPath.findElement(By.java:361)
	at org.openqa.selenium.remote.RemoteWebDriver.findElement(RemoteWebDriver.java:355)
	at org.openqa.selenium.support.pagefactory.DefaultElementLocator.findElement(DefaultElementLocator.java:69)
	at org.openqa.selenium.support.pagefactory.internal.LocatingElementHandler.invoke(LocatingElementHandler.java:38)
	at com.sun.proxy.$Proxy10.sendKeys(Unknown Source)
	at pages.Tabs.searchUser(Tabs.java:62)
	at testcases.TestSwitchTab.searchUser(TestSwitchTab.java:40)
	at sun.reflect.NativeMethodAccessorImpl.invoke0(Native Method)
	at sun.reflect.NativeMethodAccessorImpl.invoke(NativeMethodAccessorImpl.java:62)
	at sun.reflect.DelegatingMethodAccessorImpl.invoke(DelegatingMethodAccessorImpl.java:43)
	at java.lang.reflect.Method.invoke(Method.java:498)
	at org.testng.internal.MethodInvocationHelper.invokeMethod(MethodInvocationHelper.java:108)
	at org.testng.internal.Invoker.invokeMethod(Invoker.java:661)
	at org.testng.internal.Invoker.invokeTestMethod(Invoker.java:869)
	at org.testng.internal.Invoker.invokeTestMethods(Invoker.java:1193)
	at org.testng.internal.TestMethodWorker.invokeTestMethods(TestMethodWorker.java:126)
	at org.testng.internal.TestMethodWorker.run(TestMethodWorker.java:109)
	at org.testng.TestRunner.privateRun(TestRunner.java:744)
	at org.testng.TestRunner.run(TestRunner.java:602)
	at org.testng.SuiteRunner.runTest(SuiteRunner.java:380)
	at org.testng.SuiteRunner.runSequentially(SuiteRunner.java:375)
	at org.testng.SuiteRunner.privateRun(SuiteRunner.java:340)
	at org.testng.SuiteRunner.run(SuiteRunner.java:289)
	at org.testng.SuiteRunnerWorker.runSuite(SuiteRunnerWorker.java:52)
	at org.testng.SuiteRunnerWorker.run(SuiteRunnerWorker.java:86)
	at org.testng.TestNG.runSuitesSequentially(TestNG.java:1301)
	at org.testng.TestNG.runSuitesLocally(TestNG.java:1226)
	at org.testng.TestNG.runSuites(TestNG.java:1144)
	at org.testng.TestNG.run(TestNG.java:1115)
	at org.testng.remote.AbstractRemoteTestNG.run(AbstractRemoteTestNG.java:114)
	at org.testng.remote.RemoteTestNG.initAndRun(RemoteTestNG.java:251)
	at org.testng.remote.RemoteTestNG.main(RemoteTestNG.java:77)
Caused by: org.openqa.selenium.NoSuchElementException: Unable to locate element: {"method":"xpath","selector":".//*[@id='searchSystemUser_userName']"}
For documentation on this error, please visit: http://seleniumhq.org/exceptions/no_such_element.html
Build info: version: '2.53.1', revision: 'a36b8b1cd5757287168e54b817830adce9b0158d', time: '2016-06-30 19:26:09'
System info: host: 'W10x64-50GB', ip: '10.208.42.17', os.name: 'Windows 10', os.arch: 'amd64', os.version: '10.0', java.version: '1.8.0_151'
Driver info: driver.version: unknown
	at <anonymous class>.FirefoxDriver.prototype.findElementInternal_(file:///C:/Users/ADMINI~1/AppData/Local/Temp/anonymous939776597298022405webdriver-profile/extensions/fxdriver@googlecode.com/components/driver-component.js:10770)
	at <anonymous class>.fxdriver.Timer.prototype.setTimeout/<.notify(file:///C:/Users/ADMINI~1/AppData/Local/Temp/anonymous939776597298022405webdriver-profile/extensions/fxdriver@googlecode.com/components/driver-component.js:625)
]]>
            </full-stacktrace>
          </exception> <!-- org.openqa.selenium.NoSuchElementException -->
          <reporter-output>
          </reporter-output>
        </test-method> <!-- searchUser -->
        <test-method status="PASS" signature="searchUser()[pri:0, instance:testcases.TestSwitchTab@604ed9f0]" name="searchUser" duration-ms="21676" started-at="2017-12-04T12:56:49Z" finished-at="2017-12-04T12:57:10Z">
          <reporter-output>
          </reporter-output>
        </test-method> <!-- searchUser -->
        <test-method status="PASS" signature="cleanup(org.testng.ITestResult)[pri:0, instance:testcases.TestSwitchTab@604ed9f0]" name="cleanup" is-config="true" duration-ms="0" started-at="2017-12-04T12:56:49Z" finished-at="2017-12-04T12:56:49Z">
          <params>
            <param index="0">
              <value>
                <![CDATA[[TestResult name=searchUser status=SKIP method=TestSwitchTab.searchUser()[pri:0, instance:testcases.TestSwitchTab@604ed9f0] output={null}]]]>
              </value>
            </param>
          </params>
          <reporter-output>
          </reporter-output>
        </test-method> <!-- cleanup -->
        <test-method status="PASS" signature="switchTab()[pri:0, instance:testcases.TestSwitchTab@604ed9f0]" name="switchTab" duration-ms="2046" started-at="2017-12-04T12:57:10Z" finished-at="2017-12-04T12:57:12Z">
          <reporter-output>
          </reporter-output>
        </test-method> <!-- switchTab -->
        <test-method status="PASS" signature="cleanup(org.testng.ITestResult)[pri:0, instance:testcases.TestSwitchTab@604ed9f0]" name="cleanup" is-config="true" duration-ms="0" started-at="2017-12-04T12:57:10Z" finished-at="2017-12-04T12:57:10Z">
          <params>
            <param index="0">
              <value>
                <![CDATA[[TestResult name=searchUser status=SUCCESS method=TestSwitchTab.searchUser()[pri:0, instance:testcases.TestSwitchTab@604ed9f0] output={null}]]]>
              </value>
            </param>
          </params>
          <reporter-output>
          </reporter-output>
        </test-method> <!-- cleanup -->
        <test-method status="PASS" signature="cleanup(org.testng.ITestResult)[pri:0, instance:testcases.TestSwitchTab@604ed9f0]" name="cleanup" is-config="true" duration-ms="0" started-at="2017-12-04T12:57:12Z" finished-at="2017-12-04T12:57:12Z">
          <params>
            <param index="0">
              <value>
                <![CDATA[[TestResult name=switchTab status=SUCCESS method=TestSwitchTab.switchTab()[pri:0, instance:testcases.TestSwitchTab@604ed9f0] output={null}]]]>
              </value>
            </param>
          </params>
          <reporter-output>
          </reporter-output>
        </test-method> <!-- cleanup -->
        <test-method status="PASS" signature="closeBrowser()[pri:0, instance:testcases.TestSwitchTab@604ed9f0]" name="closeBrowser" is-config="true" duration-ms="1548" started-at="2017-12-04T12:57:12Z" finished-at="2017-12-04T12:57:14Z">
          <reporter-output>
          </reporter-output>
        </test-method> <!-- closeBrowser -->
        <test-method status="PASS" signature="tearDown()[pri:0, instance:testcases.TestSwitchTab@604ed9f0]" name="tearDown" is-config="true" duration-ms="156" started-at="2017-12-04T12:57:14Z" finished-at="2017-12-04T12:57:14Z">
          <reporter-output>
          </reporter-output>
        </test-method> <!-- tearDown -->
      </class> <!-- testcases.TestSwitchTab -->
    </test> <!-- Default test -->
  </suite> <!-- Default suite -->
</testng-results>
